<?xml version="1.0" encoding="UTF-8"?>
<testsuite name="MainKtTest" tests="4" skipped="0" failures="0" errors="0" timestamp="2022-02-28T13:05:05" hostname="DESKTOP-1PQKHN6" time="0.015">
  <properties/>
  <testcase name="taxMastercardMaestro_shouldCalculateCommissionForMastercardMaestro" classname="MainKtTest" time="0.007"/>
  <testcase name="tax" classname="MainKtTest" time="0.006"/>
  <testcase name="conversionCurrency_shouldTranslateIntoPennies" classname="MainKtTest" time="0.0"/>
  <testcase name="taxVisaMir_shouldCalculateCommissionForVisaMir" classname="MainKtTest" time="0.0"/>
  <system-out><![CDATA[]]></system-out>
  <system-err><![CDATA[]]></system-err>
</testsuite>
